0 verbose cli /usr/bin/node /usr/bin/npm
1 info using npm@9.2.0
2 info using node@v18.19.1
3 timing npm:load:whichnode Completed in 0ms
4 timing config:load:defaults Completed in 4ms
5 timing config:load:file:/usr/share/nodejs/npm/npmrc Completed in 4ms
6 timing config:load:builtin Completed in 4ms
7 timing config:load:cli Completed in 3ms
8 timing config:load:env Completed in 1ms
9 timing config:load:file:/home/edupilot/Documents/education-plateform/.npmrc Completed in 1ms
10 timing config:load:project Completed in 4ms
11 timing config:load:file:/home/edupilot/.npmrc Completed in 0ms
12 timing config:load:user Completed in 1ms
13 timing config:load:file:/etc/npmrc Completed in 0ms
14 timing config:load:global Completed in 0ms
15 timing config:load:setEnvs Completed in 2ms
16 timing config:load Completed in 20ms
17 timing npm:load:configload Completed in 20ms
18 timing npm:load:mkdirpcache Completed in 1ms
19 timing npm:load:mkdirplogs Completed in 0ms
20 verbose title npm install
21 verbose argv "install" "--package-lock-only"
22 timing npm:load:setTitle Completed in 3ms
23 timing config:load:flatten Completed in 7ms
24 timing npm:load:display Completed in 8ms
25 verbose logfile logs-max:10 dir:/home/edupilot/Documents/education-plateform/.npm-cache/_logs/2025-12-21T21_08_40_575Z-
26 verbose logfile /home/edupilot/Documents/education-plateform/.npm-cache/_logs/2025-12-21T21_08_40_575Z-debug-0.log
27 timing npm:load:logFile Completed in 9ms
28 timing npm:load:timers Completed in 0ms
29 timing npm:load:configScope Completed in 0ms
30 timing npm:load Completed in 42ms
31 silly logfile done cleaning log files
32 timing config:load:flatten Completed in 0ms
33 timing arborist:ctor Completed in 1ms
34 timing idealTree:init Completed in 314ms
35 timing idealTree:userRequests Completed in 0ms
36 silly idealTree buildDeps
37 timing idealTree:#root Completed in 1ms
38 silly tarball no local data for https://registry.npmjs.org/@tailwindcss/oxide-wasm32-wasi/-/oxide-wasm32-wasi-4.1.17.tgz. Extracting by manifest.
39 http fetch GET 200 https://registry.npmjs.org/@tailwindcss/oxide-wasm32-wasi/-/oxide-wasm32-wasi-4.1.17.tgz 1024ms (cache miss)
40 timing arborist:ctor Completed in 0ms
41 timing idealTree:node_modules/@tailwindcss/oxide-wasm32-wasi Completed in 1066ms
42 timing idealTree:buildDeps Completed in 1068ms
43 timing idealTree:fixDepFlags Completed in 1ms
44 timing idealTree Completed in 1388ms
45 timing reify:loadTrees Completed in 1389ms
46 silly audit bulk request {
46 silly audit   '@alloc/quick-lru': [ '5.2.0' ],
46 silly audit   '@date-fns/tz': [ '1.2.0' ],
46 silly audit   '@emnapi/runtime': [ '1.7.1', '1.6.0' ],
46 silly audit   '@floating-ui/core': [ '1.7.3' ],
46 silly audit   '@floating-ui/dom': [ '1.7.4' ],
46 silly audit   '@floating-ui/react-dom': [ '2.1.6' ],
46 silly audit   '@floating-ui/utils': [ '0.2.10' ],
46 silly audit   '@hookform/resolvers': [ '3.10.0' ],
46 silly audit   '@img/sharp-darwin-arm64': [ '0.33.5' ],
46 silly audit   '@img/sharp-darwin-x64': [ '0.33.5' ],
46 silly audit   '@img/sharp-libvips-darwin-arm64': [ '1.0.4' ],
46 silly audit   '@img/sharp-libvips-darwin-x64': [ '1.0.4' ],
46 silly audit   '@img/sharp-libvips-linux-arm': [ '1.0.5' ],
46 silly audit   '@img/sharp-libvips-linux-arm64': [ '1.0.4' ],
46 silly audit   '@img/sharp-libvips-linux-s390x': [ '1.0.4' ],
46 silly audit   '@img/sharp-libvips-linux-x64': [ '1.0.4' ],
46 silly audit   '@img/sharp-libvips-linuxmusl-arm64': [ '1.0.4' ],
46 silly audit   '@img/sharp-libvips-linuxmusl-x64': [ '1.0.4' ],
46 silly audit   '@img/sharp-linux-arm': [ '0.33.5' ],
46 silly audit   '@img/sharp-linux-arm64': [ '0.33.5' ],
46 silly audit   '@img/sharp-linux-s390x': [ '0.33.5' ],
46 silly audit   '@img/sharp-linux-x64': [ '0.33.5' ],
46 silly audit   '@img/sharp-linuxmusl-arm64': [ '0.33.5' ],
46 silly audit   '@img/sharp-linuxmusl-x64': [ '0.33.5' ],
46 silly audit   '@img/sharp-wasm32': [ '0.33.5' ],
46 silly audit   '@img/sharp-win32-ia32': [ '0.33.5' ],
46 silly audit   '@img/sharp-win32-x64': [ '0.33.5' ],
46 silly audit   '@jridgewell/gen-mapping': [ '0.3.13' ],
46 silly audit   '@jridgewell/remapping': [ '2.3.5' ],
46 silly audit   '@jridgewell/resolve-uri': [ '3.1.2' ],
46 silly audit   '@jridgewell/sourcemap-codec': [ '1.5.5' ],
46 silly audit   '@jridgewell/trace-mapping': [ '0.3.31' ],
46 silly audit   '@kurkle/color': [ '0.3.4' ],
46 silly audit   '@next/env': [ '15.2.4' ],
46 silly audit   '@next/swc-darwin-arm64': [ '15.2.4' ],
46 silly audit   '@next/swc-darwin-x64': [ '15.2.4' ],
46 silly audit   '@next/swc-linux-arm64-gnu': [ '15.2.4' ],
46 silly audit   '@next/swc-linux-arm64-musl': [ '15.2.4' ],
46 silly audit   '@next/swc-linux-x64-gnu': [ '15.2.4' ],
46 silly audit   '@next/swc-linux-x64-musl': [ '15.2.4' ],
46 silly audit   '@next/swc-win32-arm64-msvc': [ '15.2.4' ],
46 silly audit   '@next/swc-win32-x64-msvc': [ '15.2.4' ],
46 silly audit   '@radix-ui/number': [ '1.1.0' ],
46 silly audit   '@radix-ui/primitive': [ '1.1.1', '1.1.3' ],
46 silly audit   '@radix-ui/react-accordion': [ '1.2.2' ],
46 silly audit   '@radix-ui/react-alert-dialog': [ '1.1.4' ],
46 silly audit   '@radix-ui/react-arrow': [ '1.1.1' ],
46 silly audit   '@radix-ui/react-aspect-ratio': [ '1.1.1' ],
46 silly audit   '@radix-ui/react-avatar': [ '1.1.2' ],
46 silly audit   '@radix-ui/react-checkbox': [ '1.1.3' ],
46 silly audit   '@radix-ui/react-collapsible': [ '1.1.2' ],
46 silly audit   '@radix-ui/react-collection': [ '1.1.1', '1.1.7' ],
46 silly audit   '@radix-ui/react-compose-refs': [ '1.1.1', '1.1.2' ],
46 silly audit   '@radix-ui/react-context': [ '1.1.1', '1.1.2' ],
46 silly audit   '@radix-ui/react-context-menu': [ '2.2.4' ],
46 silly audit   '@radix-ui/react-dialog': [ '1.1.4' ],
46 silly audit   '@radix-ui/react-direction': [ '1.1.0', '1.1.1' ],
46 silly audit   '@radix-ui/react-dismissable-layer': [ '1.1.3' ],
46 silly audit   '@radix-ui/react-dropdown-menu': [ '2.1.4' ],
46 silly audit   '@radix-ui/react-focus-guards': [ '1.1.1' ],
46 silly audit   '@radix-ui/react-focus-scope': [ '1.1.1' ],
46 silly audit   '@radix-ui/react-hover-card': [ '1.1.4' ],
46 silly audit   '@radix-ui/react-id': [ '1.1.0', '1.1.1' ],
46 silly audit   '@radix-ui/react-label': [ '2.1.1' ],
46 silly audit   '@radix-ui/react-menu': [ '2.1.4' ],
46 silly audit   '@radix-ui/react-menubar': [ '1.1.4' ],
46 silly audit   '@radix-ui/react-navigation-menu': [ '1.2.3' ],
46 silly audit   '@radix-ui/react-popover': [ '1.1.4' ],
46 silly audit   '@radix-ui/react-popper': [ '1.2.1' ],
46 silly audit   '@radix-ui/react-portal': [ '1.1.3' ],
46 silly audit   '@radix-ui/react-presence': [ '1.1.2', '1.1.5' ],
46 silly audit   '@radix-ui/react-primitive': [ '2.0.1', '2.1.3' ],
46 silly audit   '@radix-ui/react-progress': [ '1.1.1' ],
46 silly audit   '@radix-ui/react-radio-group': [ '1.2.2' ],
46 silly audit   '@radix-ui/react-roving-focus': [ '1.1.1', '1.1.11' ],
46 silly audit   '@radix-ui/react-scroll-area': [ '1.2.2' ],
46 silly audit   '@radix-ui/react-select': [ '2.1.4' ],
46 silly audit   '@radix-ui/react-separator': [ '1.1.1' ],
46 silly audit   '@radix-ui/react-slider': [ '1.2.2' ],
46 silly audit   '@radix-ui/react-slot': [ '1.1.1', '1.2.3' ],
46 silly audit   '@radix-ui/react-switch': [ '1.1.2' ],
46 silly audit   '@radix-ui/react-tabs': [ '1.1.13' ],
46 silly audit   '@radix-ui/react-use-callback-ref': [ '1.1.1', '1.1.0' ],
46 silly audit   '@radix-ui/react-use-controllable-state': [ '1.2.2', '1.1.0' ],
46 silly audit   '@radix-ui/react-use-layout-effect': [ '1.1.1', '1.1.0' ],
46 silly audit   '@radix-ui/react-toast': [ '1.2.4' ],
46 silly audit   '@radix-ui/react-toggle': [ '1.1.1' ],
46 silly audit   '@radix-ui/react-toggle-group': [ '1.1.1' ],
46 silly audit   '@radix-ui/react-tooltip': [ '1.1.6' ],
46 silly audit   '@radix-ui/react-use-effect-event': [ '0.0.2' ],
46 silly audit   '@radix-ui/react-use-escape-keydown': [ '1.1.0' ],
46 silly audit   '@radix-ui/react-use-previous': [ '1.1.0' ],
46 silly audit   '@radix-ui/react-use-rect': [ '1.1.0' ],
46 silly audit   '@radix-ui/react-use-size': [ '1.1.0' ],
46 silly audit   '@radix-ui/react-visually-hidden': [ '1.1.1' ],
46 silly audit   '@radix-ui/rect': [ '1.1.0' ],
46 silly audit   '@reduxjs/toolkit': [ '2.10.1' ],
46 silly audit   '@standard-schema/spec': [ '1.0.0' ],
46 silly audit   '@standard-schema/utils': [ '0.3.0' ],
46 silly audit   '@swc/counter': [ '0.1.3' ],
46 silly audit   '@swc/helpers': [ '0.5.15' ],
46 silly audit   '@tailwindcss/node': [ '4.1.17' ],
46 silly audit   '@tailwindcss/oxide': [ '4.1.17' ],
46 silly audit   '@tailwindcss/oxide-android-arm64': [ '4.1.17' ],
46 silly audit   '@tailwindcss/oxide-darwin-arm64': [ '4.1.17' ],
46 silly audit   '@tailwindcss/oxide-darwin-x64': [ '4.1.17' ],
46 silly audit   '@tailwindcss/oxide-freebsd-x64': [ '4.1.17' ],
46 silly audit   '@tailwindcss/oxide-linux-arm-gnueabihf': [ '4.1.17' ],
46 silly audit   '@tailwindcss/oxide-linux-arm64-gnu': [ '4.1.17' ],
46 silly audit   '@tailwindcss/oxide-linux-arm64-musl': [ '4.1.17' ],
46 silly audit   '@tailwindcss/oxide-linux-x64-gnu': [ '4.1.17' ],
46 silly audit   '@tailwindcss/oxide-linux-x64-musl': [ '4.1.17' ],
46 silly audit   '@tailwindcss/oxide-win32-arm64-msvc': [ '4.1.17' ],
46 silly audit   '@tailwindcss/oxide-win32-x64-msvc': [ '4.1.17' ],
46 silly audit   '@tailwindcss/postcss': [ '4.1.17' ],
46 silly audit   '@types/d3-array': [ '3.2.2' ],
46 silly audit   '@types/d3-color': [ '3.1.3' ],
46 silly audit   '@types/d3-ease': [ '3.0.2' ],
46 silly audit   '@types/d3-interpolate': [ '3.0.4' ],
46 silly audit   '@types/d3-path': [ '3.1.1' ],
46 silly audit   '@types/d3-scale': [ '4.0.9' ],
46 silly audit   '@types/d3-shape': [ '3.1.7' ],
46 silly audit   '@types/d3-time': [ '3.0.4' ],
46 silly audit   '@types/d3-timer': [ '3.0.2' ],
46 silly audit   '@types/node': [ '22.19.1' ],
46 silly audit   '@types/react': [ '19.2.6' ],
46 silly audit   '@types/react-dom': [ '19.2.3' ],
46 silly audit   '@types/use-sync-external-store': [ '0.0.6' ],
46 silly audit   '@vercel/analytics': [ '1.5.0' ],
46 silly audit   'aria-hidden': [ '1.2.6' ],
46 silly audit   autoprefixer: [ '10.4.22' ],
46 silly audit   'baseline-browser-mapping': [ '2.8.30' ],
46 silly audit   browserslist: [ '4.28.0' ],
46 silly audit   busboy: [ '1.6.0' ],
46 silly audit   'caniuse-lite': [ '1.0.30001756' ],
46 silly audit   'chart.js': [ '4.5.1' ],
46 silly audit   'class-variance-authority': [ '0.7.1' ],
46 silly audit   'client-only': [ '0.0.1' ],
46 silly audit   clsx: [ '2.1.1' ],
46 silly audit   cmdk: [ '1.0.4' ],
46 silly audit   color: [ '4.2.3' ],
46 silly audit   'color-convert': [ '2.0.1' ],
46 silly audit   'color-name': [ '1.1.4' ],
46 silly audit   'color-string': [ '1.9.1' ],
46 silly audit   csstype: [ '3.2.3' ],
46 silly audit   'd3-array': [ '3.2.4' ],
46 silly audit   'd3-color': [ '3.1.0' ],
46 silly audit   'd3-ease': [ '3.0.1' ],
46 silly audit   'd3-format': [ '3.1.0' ],
46 silly audit   'd3-interpolate': [ '3.0.1' ],
46 silly audit   'd3-path': [ '3.1.0' ],
46 silly audit   'd3-scale': [ '4.0.2' ],
46 silly audit   'd3-shape': [ '3.2.0' ],
46 silly audit   'd3-time': [ '3.1.0' ],
46 silly audit   'd3-time-format': [ '4.1.0' ],
46 silly audit   'd3-timer': [ '3.0.1' ],
46 silly audit   'date-fns': [ '4.1.0' ],
46 silly audit   'date-fns-jalali': [ '4.1.0-0' ],
46 silly audit   'decimal.js-light': [ '2.5.1' ],
46 silly audit   'detect-libc': [ '2.1.2' ],
46 silly audit   'detect-node-es': [ '1.1.0' ],
46 silly audit   'electron-to-chromium': [ '1.5.259' ],
46 silly audit   'embla-carousel': [ '8.5.1' ],
46 silly audit   'embla-carousel-react': [ '8.5.1' ],
46 silly audit   'embla-carousel-reactive-utils': [ '8.5.1' ],
46 silly audit   'enhanced-resolve': [ '5.18.3' ],
46 silly audit   'es-toolkit': [ '1.42.0' ],
46 silly audit   escalade: [ '3.2.0' ],
46 silly audit   eventemitter3: [ '5.0.1' ],
46 silly audit   'fraction.js': [ '5.3.4' ],
46 silly audit   'get-nonce': [ '1.0.1' ],
46 silly audit   'graceful-fs': [ '4.2.11' ],
46 silly audit   immer: [ '10.2.0' ],
46 silly audit   'input-otp': [ '1.4.1' ],
46 silly audit   internmap: [ '2.0.3' ],
46 silly audit   'is-arrayish': [ '0.3.4' ],
46 silly audit   jiti: [ '2.6.1' ],
46 silly audit   lightningcss: [ '1.30.2' ],
46 silly audit   'lightningcss-android-arm64': [ '1.30.2' ],
46 silly audit   'lightningcss-darwin-arm64': [ '1.30.2' ],
46 silly audit   'lightningcss-darwin-x64': [ '1.30.2' ],
46 silly audit   'lightningcss-freebsd-x64': [ '1.30.2' ],
46 silly audit   'lightningcss-linux-arm-gnueabihf': [ '1.30.2' ],
46 silly audit   'lightningcss-linux-arm64-gnu': [ '1.30.2' ],
46 silly audit   'lightningcss-linux-arm64-musl': [ '1.30.2' ],
46 silly audit   'lightningcss-linux-x64-gnu': [ '1.30.2' ],
46 silly audit   'lightningcss-linux-x64-musl': [ '1.30.2' ],
46 silly audit   'lightningcss-win32-arm64-msvc': [ '1.30.2' ],
46 silly audit   'lightningcss-win32-x64-msvc': [ '1.30.2' ],
46 silly audit   'lucide-react': [ '0.454.0' ],
46 silly audit   'magic-string': [ '0.30.21' ],
46 silly audit   nanoid: [ '3.3.11' ],
46 silly audit   next: [ '15.2.4' ],
46 silly audit   'next-themes': [ '0.4.6' ],
46 silly audit   postcss: [ '8.4.31', '8.5.6' ],
46 silly audit   'node-releases': [ '2.0.27' ],
46 silly audit   'normalize-range': [ '0.1.2' ],
46 silly audit   picocolors: [ '1.1.1' ],
46 silly audit   'postcss-value-parser': [ '4.2.0' ],
46 silly audit   react: [ '19.2.0' ],
46 silly audit   'react-chartjs-2': [ '5.3.0' ],
46 silly audit   'react-day-picker': [ '9.8.0' ],
46 silly audit   'react-dom': [ '19.2.0' ],
46 silly audit   'react-hook-form': [ '7.66.1' ],
46 silly audit   'react-is': [ '19.2.0' ],
46 silly audit   'react-redux': [ '9.2.0' ],
46 silly audit   'react-remove-scroll': [ '2.7.1' ],
46 silly audit   'react-remove-scroll-bar': [ '2.3.8' ],
46 silly audit   'react-resizable-panels': [ '2.1.9' ],
46 silly audit   'react-style-singleton': [ '2.2.3' ],
46 silly audit   recharts: [ '3.4.1' ],
46 silly audit   redux: [ '5.0.1' ],
46 silly audit   'redux-thunk': [ '3.1.0' ],
46 silly audit   reselect: [ '5.1.1' ],
46 silly audit   scheduler: [ '0.27.0' ],
46 silly audit   semver: [ '7.7.3' ],
46 silly audit   sharp: [ '0.33.5' ],
46 silly audit   'simple-swizzle': [ '0.2.4' ],
46 silly audit   sonner: [ '1.7.4' ],
46 silly audit   'source-map-js': [ '1.2.1' ],
46 silly audit   streamsearch: [ '1.1.0' ],
46 silly audit   'styled-jsx': [ '5.1.6' ],
46 silly audit   'tailwind-merge': [ '2.6.0' ],
46 silly audit   tailwindcss: [ '4.1.17' ],
46 silly audit   'tailwindcss-animate': [ '1.0.7' ],
46 silly audit   tapable: [ '2.3.0' ],
46 silly audit   'tiny-invariant': [ '1.3.3' ],
46 silly audit   tslib: [ '2.8.1' ],
46 silly audit   'tw-animate-css': [ '1.3.3' ],
46 silly audit   typescript: [ '5.9.3' ],
46 silly audit   'undici-types': [ '6.21.0' ],
46 silly audit   'update-browserslist-db': [ '1.1.4' ],
46 silly audit   'use-callback-ref': [ '1.3.3' ],
46 silly audit   'use-sidecar': [ '1.1.3' ],
46 silly audit   'use-sync-external-store': [ '1.6.0' ],
46 silly audit   'victory-vendor': [ '37.3.6' ],
46 silly audit   zod: [ '3.25.76' ],
46 silly audit   '@tailwindcss/oxide-wasm32-wasi': [ '4.1.17' ],
46 silly audit   '@emnapi/core': [ '1.6.0' ],
46 silly audit   '@emnapi/wasi-threads': [ '1.1.0' ],
46 silly audit   '@napi-rs/wasm-runtime': [ '1.0.7' ],
46 silly audit   '@tybys/wasm-util': [ '0.10.1' ]
46 silly audit }
47 timing reify:save Completed in 118ms
48 http fetch POST 200 https://registry.npmjs.org/-/npm/v1/security/advisories/bulk 306ms
49 timing auditReport:getReport Completed in 315ms
50 silly audit report {
50 silly audit report   next: [
50 silly audit report     {
50 silly audit report       id: 1111371,
50 silly audit report       url: 'https://github.com/advisories/GHSA-9qr9-h5gf-34mp',
50 silly audit report       title: 'Next.js is vulnerable to RCE in React flight protocol',
50 silly audit report       severity: 'critical',
50 silly audit report       vulnerable_versions: '>=15.2.0-canary.0 <15.2.6',
50 silly audit report       cwe: [Array],
50 silly audit report       cvss: [Object]
50 silly audit report     },
50 silly audit report     {
50 silly audit report       id: 1111379,
50 silly audit report       url: 'https://github.com/advisories/GHSA-w37m-7fhw-fmv9',
50 silly audit report       title: 'Next Server Actions Source Code Exposure ',
50 silly audit report       severity: 'moderate',
50 silly audit report       vulnerable_versions: '>=15.2.0-canary.0 <15.2.7',
50 silly audit report       cwe: [Array],
50 silly audit report       cvss: [Object]
50 silly audit report     },
50 silly audit report     {
50 silly audit report       id: 1111388,
50 silly audit report       url: 'https://github.com/advisories/GHSA-mwv6-3258-q52c',
50 silly audit report       title: 'Next Vulnerable to Denial of Service with Server Components',
50 silly audit report       severity: 'high',
50 silly audit report       vulnerable_versions: '>=15.2.0-canary.0 <15.2.7',
50 silly audit report       cwe: [Array],
50 silly audit report       cvss: [Object]
50 silly audit report     },
50 silly audit report     {
50 silly audit report       id: 1107228,
50 silly audit report       url: 'https://github.com/advisories/GHSA-g5qg-72qw-gw5v',
50 silly audit report       title: 'Next.js Affected by Cache Key Confusion for Image Optimization API Routes',
50 silly audit report       severity: 'moderate',
50 silly audit report       vulnerable_versions: '>=15.0.0 <=15.4.4',
50 silly audit report       cwe: [Array],
50 silly audit report       cvss: [Object]
50 silly audit report     },
50 silly audit report     {
50 silly audit report       id: 1107514,
50 silly audit report       url: 'https://github.com/advisories/GHSA-xv57-4mr9-wg8v',
50 silly audit report       title: 'Next.js Content Injection Vulnerability for Image Optimization',
50 silly audit report       severity: 'moderate',
50 silly audit report       vulnerable_versions: '>=15.0.0 <=15.4.4',
50 silly audit report       cwe: [Array],
50 silly audit report       cvss: [Object]
50 silly audit report     },
50 silly audit report     {
50 silly audit report       id: 1107515,
50 silly audit report       url: 'https://github.com/advisories/GHSA-4342-x723-ch2f',
50 silly audit report       title: 'Next.js Improper Middleware Redirect Handling Leads to SSRF',
50 silly audit report       severity: 'moderate',
50 silly audit report       vulnerable_versions: '>=15.0.0-canary.0 <15.4.7',
50 silly audit report       cwe: [Array],
50 silly audit report       cvss: [Object]
50 silly audit report     }
50 silly audit report   ]
50 silly audit report }
51 timing metavuln:cache:get:security-advisory:next:nBl2WkssSuRy63z8W8ZRNKHUbyn1997EFPswZYwxZNDRCr3De9aphtaVNImgaAVucSPNrhAO67cQ/2MpMFp1Vg== Completed in 10ms
52 timing metavuln:cache:get:security-advisory:next:Drmd8DURyBo8XTxB8a1mqNr+TMkAnWtFStH0/t2ThCg99l4gmBa1SKd33Iy3n20H/8VTNvXkN3pxCWoz2Ovuag== Completed in 7ms
53 timing metavuln:cache:get:security-advisory:next:bdP/Ueo86mJ+Ypc2rCRD0NgJRzgr+yFKAN/8O4QOMP2fawqO/ROpH+R4gtHKy6zrUlUczWISW/6/6HQzeOCEmQ== Completed in 7ms
54 timing metavuln:cache:get:security-advisory:next:MiOKtIdXZm02nEvee/g/v/1ugOIjLtZUlcIiCePROjgu7ZXnlX8kD2N7gKJdLjMynKOrHzoBRilszpNnR5K88A== Completed in 5ms
55 timing metavuln:cache:get:security-advisory:next:quwr83yiulEpZb5lQ3Famd+SxiJIHy8/093kproEy1+4/q1xoZff7TqyKWtFxOunEAtxaieZFNkcbG4n2hOmCQ== Completed in 5ms
56 timing metavuln:cache:get:security-advisory:next:ylwE/kwjvPKMc2D2RMNL/en+GB3qmUUKaTdx49TKcjS1vfscG52oX8cSxoVY+0TWTCuGODZSk3ruQlxyw61mDg== Completed in 5ms
57 http fetch GET 200 https://registry.npmjs.org/next 891ms (cache miss)
58 timing metavuln:packument:next Completed in 1651ms
59 timing metavuln:load:security-advisory:next:1111371 Completed in 165ms
60 timing metavuln:load:security-advisory:next:1111379 Completed in 88ms
61 timing metavuln:load:security-advisory:next:1111388 Completed in 94ms
62 timing metavuln:load:security-advisory:next:1107228 Completed in 182ms
63 timing metavuln:load:security-advisory:next:1107514 Completed in 87ms
64 timing metavuln:load:security-advisory:next:1107515 Completed in 108ms
65 timing metavuln:cache:put:security-advisory:next:bdP/Ueo86mJ+Ypc2rCRD0NgJRzgr+yFKAN/8O4QOMP2fawqO/ROpH+R4gtHKy6zrUlUczWISW/6/6HQzeOCEmQ== Completed in 388ms
66 timing metavuln:calculate:security-advisory:next:1111388 Completed in 2390ms
67 timing metavuln:cache:put:security-advisory:next:Drmd8DURyBo8XTxB8a1mqNr+TMkAnWtFStH0/t2ThCg99l4gmBa1SKd33Iy3n20H/8VTNvXkN3pxCWoz2Ovuag== Completed in 485ms
68 timing metavuln:calculate:security-advisory:next:1111379 Completed in 2391ms
69 timing metavuln:cache:put:security-advisory:next:quwr83yiulEpZb5lQ3Famd+SxiJIHy8/093kproEy1+4/q1xoZff7TqyKWtFxOunEAtxaieZFNkcbG4n2hOmCQ== Completed in 117ms
70 timing metavuln:calculate:security-advisory:next:1107514 Completed in 2389ms
71 timing metavuln:cache:put:security-advisory:next:nBl2WkssSuRy63z8W8ZRNKHUbyn1997EFPswZYwxZNDRCr3De9aphtaVNImgaAVucSPNrhAO67cQ/2MpMFp1Vg== Completed in 577ms
72 timing metavuln:calculate:security-advisory:next:1111371 Completed in 2396ms
73 timing metavuln:cache:put:security-advisory:next:ylwE/kwjvPKMc2D2RMNL/en+GB3qmUUKaTdx49TKcjS1vfscG52oX8cSxoVY+0TWTCuGODZSk3ruQlxyw61mDg== Completed in 7ms
74 timing metavuln:calculate:security-advisory:next:1107515 Completed in 2389ms
75 timing metavuln:cache:put:security-advisory:next:MiOKtIdXZm02nEvee/g/v/1ugOIjLtZUlcIiCePROjgu7ZXnlX8kD2N7gKJdLjMynKOrHzoBRilszpNnR5K88A== Completed in 205ms
76 timing metavuln:calculate:security-advisory:next:1107228 Completed in 2390ms
77 timing metavuln:cache:get:security-advisory:@vercel/analytics:/l4lKXHhXZt7/eagT2H5xpK5vwpqnk5axipSA51sd2y1cXY8UCHembL2L0qcD7ivoy10ct7ZfwDq/3nEFDIipg== Completed in 2ms
78 http fetch GET 200 https://registry.npmjs.org/@vercel%2fanalytics 62ms (cache miss)
79 timing metavuln:packument:@vercel/analytics Completed in 65ms
80 timing metavuln:load:security-advisory:@vercel/analytics:nBl2WkssSuRy63z8W8ZRNKHUbyn1997EFPswZYwxZNDRCr3De9aphtaVNImgaAVucSPNrhAO67cQ/2MpMFp1Vg== Completed in 25ms
81 timing metavuln:cache:put:security-advisory:@vercel/analytics:/l4lKXHhXZt7/eagT2H5xpK5vwpqnk5axipSA51sd2y1cXY8UCHembL2L0qcD7ivoy10ct7ZfwDq/3nEFDIipg== Completed in 5ms
82 timing metavuln:calculate:security-advisory:@vercel/analytics:nBl2WkssSuRy63z8W8ZRNKHUbyn1997EFPswZYwxZNDRCr3De9aphtaVNImgaAVucSPNrhAO67cQ/2MpMFp1Vg== Completed in 95ms
83 timing auditReport:init Completed in 2538ms
84 timing reify:audit Completed in 2858ms
85 timing reify Completed in 4248ms
86 timing command:install Completed in 4376ms
87 verbose exit 0
88 timing npm Completed in 4436ms
89 info ok
